Determining if the pthread_create exist failed with the following output:
Change Dir: /home/danielvicedo/catkin_ws/build/CMakeFiles/CMakeTmp

Run Build Command:"/usr/bin/make" "cmTC_ccbf4/fast"
/usr/bin/make -f CMakeFiles/cmTC_ccbf4.dir/build.make CMakeFiles/cmTC_ccbf4.dir/build
make[1]: se entra en el directorio '/home/danielvicedo/catkin_ws/build/CMakeFiles/CMakeTmp'
Building C object CMakeFiles/cmTC_ccbf4.dir/CheckSymbolExists.c.o
/usr/bin/cc    -o CMakeFiles/cmTC_ccbf4.dir/CheckSymbolExists.c.o   -c /home/danielvicedo/catkin_ws/build/CMakeFiles/CMakeTmp/CheckSymbolExists.c
Linking C executable cmTC_ccbf4
/usr/bin/cmake -E cmake_link_script CMakeFiles/cmTC_ccbf4.dir/link.txt --verbose=1
/usr/bin/cc      -rdynamic CMakeFiles/cmTC_ccbf4.dir/CheckSymbolExists.c.o  -o cmTC_ccbf4 
CMakeFiles/cmTC_ccbf4.dir/CheckSymbolExists.c.o: En la función `main':
CheckSymbolExists.c:(.text+0x1b): referencia a `pthread_create' sin definir
collect2: error: ld returned 1 exit status
CMakeFiles/cmTC_ccbf4.dir/build.make:97: recipe for target 'cmTC_ccbf4' failed
make[1]: *** [cmTC_ccbf4] Error 1
make[1]: se sale del directorio '/home/danielvicedo/catkin_ws/build/CMakeFiles/CMakeTmp'
Makefile:126: recipe for target 'cmTC_ccbf4/fast' failed
make: *** [cmTC_ccbf4/fast] Error 2

File /home/danielvicedo/catkin_ws/build/CMakeFiles/CMakeTmp/CheckSymbolExists.c:
/* */
#include <pthread.h>

int main(int argc, char** argv)
{
  (void)argv;
#ifndef pthread_create
  return ((int*)(&pthread_create))[argc];
#else
  (void)argc;
  return 0;
#endif
}

Determining if the function pthread_create exists in the pthreads failed with the following output:
Change Dir: /home/danielvicedo/catkin_ws/build/CMakeFiles/CMakeTmp

Run Build Command:"/usr/bin/make" "cmTC_a8fb1/fast"
/usr/bin/make -f CMakeFiles/cmTC_a8fb1.dir/build.make CMakeFiles/cmTC_a8fb1.dir/build
make[1]: se entra en el directorio '/home/danielvicedo/catkin_ws/build/CMakeFiles/CMakeTmp'
Building C object CMakeFiles/cmTC_a8fb1.dir/CheckFunctionExists.c.o
/usr/bin/cc   -DCHECK_FUNCTION_EXISTS=pthread_create   -o CMakeFiles/cmTC_a8fb1.dir/CheckFunctionExists.c.o   -c /usr/share/cmake-3.10/Modules/CheckFunctionExists.c
Linking C executable cmTC_a8fb1
/usr/bin/cmake -E cmake_link_script CMakeFiles/cmTC_a8fb1.dir/link.txt --verbose=1
/usr/bin/cc  -DCHECK_FUNCTION_EXISTS=pthread_create    -rdynamic CMakeFiles/cmTC_a8fb1.dir/CheckFunctionExists.c.o  -o cmTC_a8fb1 -lpthreads 
/usr/bin/ld: no se puede encontrar -lpthreads
collect2: error: ld returned 1 exit status
CMakeFiles/cmTC_a8fb1.dir/build.make:97: recipe for target 'cmTC_a8fb1' failed
make[1]: *** [cmTC_a8fb1] Error 1
make[1]: se sale del directorio '/home/danielvicedo/catkin_ws/build/CMakeFiles/CMakeTmp'
Makefile:126: recipe for target 'cmTC_a8fb1/fast' failed
make: *** [cmTC_a8fb1/fast] Error 2


